<?xml version="1.0" encoding="UTF-8"?>
<!-- Generated by org.testng.reporters.JUnitReportReporter -->
<testsuite hostname="TXCHD-LAP-165" failures="0" tests="6" name="PageTests.PlaceOrderTest" time="332.812" errors="0" timestamp="2024-10-02T15:18:37 IST" skipped="0">
  <testcase classname="PageTests.PlaceOrderTest" name="placeOrderRegisterWhileCheckout" time="63.808"/>
  <system-out/>
  <testcase classname="PageTests.PlaceOrderTest" name="placeOrderRegisterWhileCheckout" time="65.826"/>
  <system-out/>
  <testcase classname="PageTests.PlaceOrderTest" name="placeOrderRegisterBeforeCheckout" time="55.668"/>
  <system-out/>
  <testcase classname="PageTests.PlaceOrderTest" name="placeOrderRegisterBeforeCheckout" time="54.021"/>
  <system-out/>
  <testcase classname="PageTests.PlaceOrderTest" name="placeOrderLoginBeforeCheckout" time="46.326"/>
  <system-out/>
  <testcase classname="PageTests.PlaceOrderTest" name="placeOrderLoginBeforeCheckout" time="47.163"/>
  <system-out/>
</testsuite> <!-- PageTests.PlaceOrderTest -->
