<?xml version="1.0" encoding="UTF-8"?>
<!-- Generated by org.testng.reporters.JUnitReportReporter -->
<testsuite hostname="TXCHD-LAP-165" failures="0" tests="2" name="PageTests.DownloadInvoiceAfterCheckout" time="127.995" errors="0" timestamp="2024-10-02T15:18:37 IST" skipped="0">
  <testcase classname="PageTests.DownloadInvoiceAfterCheckout" name="testDownloadInvoiceAfterCheckout" time="66.300"/>
  <system-out/>
  <testcase classname="PageTests.DownloadInvoiceAfterCheckout" name="testDownloadInvoiceAfterCheckout" time="61.695"/>
  <system-out/>
</testsuite> <!-- PageTests.DownloadInvoiceAfterCheckout -->
