<?xml version="1.0" encoding="UTF-8"?>
<!-- Generated by org.testng.reporters.JUnitReportReporter -->
<testsuite hostname="TXCHD-LAP-165" failures="0" tests="2" name="PageTests.ViewCategoryProductsTest" time="47.309" errors="0" timestamp="2024-10-02T15:18:37 IST" skipped="0">
  <testcase classname="PageTests.ViewCategoryProductsTest" name="testViewCategoryProducts" time="24.821"/>
  <system-out/>
  <testcase classname="PageTests.ViewCategoryProductsTest" name="testViewCategoryProducts" time="22.488"/>
  <system-out/>
</testsuite> <!-- PageTests.ViewCategoryProductsTest -->
