<?xml version="1.0" encoding="UTF-8"?>
<!-- Generated by org.testng.reporters.JUnitReportReporter -->
<testsuite hostname="TXCHD-LAP-165" failures="0" tests="2" name="PageTests.ProductQuantityInCartTest" time="44.596" errors="0" timestamp="2024-10-02T15:18:37 IST" skipped="0">
  <testcase classname="PageTests.ProductQuantityInCartTest" name="verifyProductQuantityTest" time="25.651"/>
  <system-out/>
  <testcase classname="PageTests.ProductQuantityInCartTest" name="verifyProductQuantityTest" time="18.945"/>
  <system-out/>
</testsuite> <!-- PageTests.ProductQuantityInCartTest -->
