<?xml version="1.0" encoding="UTF-8"?>
<!-- Generated by org.testng.reporters.JUnitReportReporter -->
<testsuite hostname="TXCHD-LAP-165" failures="0" tests="8" name="PageTests.CartPageTest" time="68.919" errors="0" timestamp="2024-10-02T15:18:37 IST" skipped="6">
  <testcase classname="PageTests.CartPageTest" name="testRemoveProductFromCart" time="33.386"/>
  <system-out/>
  <testcase classname="PageTests.CartPageTest" name="testRemoveProductFromCart" time="35.533"/>
  <system-out/>
  <testcase classname="PageTests.CartPageTest" name="testNewsLetter">
    <skipped/>
  </testcase> <!-- testNewsLetter -->
  <system-out/>
  <testcase classname="PageTests.CartPageTest" name="testNewsLetter">
    <skipped/>
  </testcase> <!-- testNewsLetter -->
  <system-out/>
  <testcase classname="PageTests.CartPageTest" name="testAddProductsToCart">
    <skipped/>
  </testcase> <!-- testAddProductsToCart -->
  <system-out/>
  <testcase classname="PageTests.CartPageTest" name="testAddProductsToCart">
    <skipped/>
  </testcase> <!-- testAddProductsToCart -->
  <system-out/>
  <testcase classname="PageTests.CartPageTest" name="testWithInvalidEmailValidations">
    <skipped/>
  </testcase> <!-- testWithInvalidEmailValidations -->
  <system-out/>
  <testcase classname="PageTests.CartPageTest" name="testWithInvalidEmailValidations">
    <skipped/>
  </testcase> <!-- testWithInvalidEmailValidations -->
  <system-out/>
</testsuite> <!-- PageTests.CartPageTest -->
