<?xml version="1.0" encoding="UTF-8"?>
<!-- Generated by org.testng.reporters.JUnitReportReporter -->
<testsuite hostname="TXCHD-LAP-165" failures="0" tests="4" name="PageTests.RegisterPageTests" time="128.222" errors="0" timestamp="2024-10-02T15:18:37 IST" skipped="0">
  <testcase classname="PageTests.RegisterPageTests" name="testRegisterUser" time="40.408"/>
  <system-out/>
  <testcase classname="PageTests.RegisterPageTests" name="testRegisterUser" time="44.977"/>
  <system-out/>
  <testcase classname="PageTests.RegisterPageTests" name="testAlreadyRegisterUser" time="21.602"/>
  <system-out/>
  <testcase classname="PageTests.RegisterPageTests" name="testAlreadyRegisterUser" time="21.235"/>
  <system-out/>
</testsuite> <!-- PageTests.RegisterPageTests -->
