<?xml version="1.0" encoding="UTF-8"?>
<!-- Generated by org.testng.reporters.JUnitReportReporter -->
<testsuite hostname="TXCHD-LAP-165" failures="0" tests="2" name="PageTests.AddReviewTest" time="42.872" errors="0" timestamp="2024-10-02T15:18:37 IST" skipped="0">
  <testcase classname="PageTests.AddReviewTest" name="testSubmitReviewForm" time="26.024"/>
  <system-out/>
  <testcase classname="PageTests.AddReviewTest" name="testSubmitReviewForm" time="16.848"/>
  <system-out/>
</testsuite> <!-- PageTests.AddReviewTest -->
