<?xml version="1.0" encoding="UTF-8"?>
<!-- Generated by org.testng.reporters.JUnitReportReporter -->
<testsuite hostname="TXCHD-LAP-165" failures="0" tests="4" name="PageTests.HomePageTest" time="53.028" errors="0" timestamp="2024-10-02T15:18:37 IST" skipped="0">
  <testcase classname="PageTests.HomePageTest" name="testNewsLetter" time="15.590"/>
  <system-out/>
  <testcase classname="PageTests.HomePageTest" name="testNewsLetter" time="9.634"/>
  <system-out/>
  <testcase classname="PageTests.HomePageTest" name="testWithInvalidEmailValidations" time="10.386"/>
  <system-out/>
  <testcase classname="PageTests.HomePageTest" name="testWithInvalidEmailValidations" time="17.418"/>
  <system-out/>
</testsuite> <!-- PageTests.HomePageTest -->
