<?xml version="1.0" encoding="UTF-8"?>
<!-- Generated by org.testng.reporters.JUnitReportReporter -->
<testsuite hostname="TXCHD-LAP-165" failures="0" tests="4" name="PageTests.testSubcribedToNewsletter" time="50.504" errors="0" timestamp="2024-09-10T08:59:57 IST" skipped="0">
  <testcase classname="PageTests.testSubcribedToNewsletter" name="testNewsLetter" time="12.732"/>
  <system-out/>
  <testcase classname="PageTests.testSubcribedToNewsletter" name="testNewsLetter" time="14.500"/>
  <system-out/>
  <testcase classname="PageTests.testSubcribedToNewsletter" name="testWithInvalidEmailValidations" time="9.530"/>
  <system-out/>
  <testcase classname="PageTests.testSubcribedToNewsletter" name="testWithInvalidEmailValidations" time="13.742"/>
  <system-out/>
</testsuite> <!-- PageTests.testSubcribedToNewsletter -->
