<?xml version="1.0" encoding="UTF-8"?>
<!-- Generated by org.testng.reporters.JUnitReportReporter -->
<testsuite hostname="TXCHD-LAP-165" failures="0" tests="2" name="PageTests.LogoutUserTests" time="64.041" errors="0" timestamp="2024-10-02T15:18:37 IST" skipped="0">
  <testcase classname="PageTests.LogoutUserTests" name="logoutUserTest" time="35.202"/>
  <system-out/>
  <testcase classname="PageTests.LogoutUserTests" name="logoutUserTest" time="28.839"/>
  <system-out/>
</testsuite> <!-- PageTests.LogoutUserTests -->
