<?xml version="1.0" encoding="UTF-8"?>
<!-- Generated by org.testng.reporters.JUnitReportReporter -->
<testsuite hostname="TXCHD-LAP-165" failures="0" tests="2" name="PageTests.TestCasesPageTests" time="28.404" errors="0" timestamp="2024-10-02T15:18:37 IST" skipped="0">
  <testcase classname="PageTests.TestCasesPageTests" name="testTestCasesPage" time="16.402"/>
  <system-out/>
  <testcase classname="PageTests.TestCasesPageTests" name="testTestCasesPage" time="12.002"/>
  <system-out/>
</testsuite> <!-- PageTests.TestCasesPageTests -->
