<?xml version="1.0" encoding="UTF-8"?>
<!-- Generated by org.testng.reporters.JUnitReportReporter -->
<testsuite hostname="TXCHD-LAP-165" failures="0" tests="1" name="PageTests.ViewAndCartBrandProductsTest" time="32.148" errors="0" timestamp="2024-10-02T15:18:37 IST" skipped="0">
  <testcase classname="PageTests.ViewAndCartBrandProductsTest" name="testViewAndCartBrandProducts" time="32.148"/>
  <system-out/>
</testsuite> <!-- PageTests.ViewAndCartBrandProductsTest -->
