<?xml version="1.0" encoding="UTF-8"?>
<!-- Generated by org.testng.reporters.JUnitReportReporter -->
<testsuite hostname="TXCHD-LAP-165" failures="0" tests="4" name="PageTests.ScrollUpAndScrollDownFunctioanlityTest" time="56.467" errors="0" timestamp="2024-10-02T15:18:37 IST" skipped="0">
  <testcase classname="PageTests.ScrollUpAndScrollDownFunctioanlityTest" name="testScrollUpAndDown" time="18.422"/>
  <system-out/>
  <testcase classname="PageTests.ScrollUpAndScrollDownFunctioanlityTest" name="testScrollUpAndDown" time="15.589"/>
  <system-out/>
  <testcase classname="PageTests.ScrollUpAndScrollDownFunctioanlityTest" name="testScrollUpWithoutArrowBtnAndScrollDown" time="8.352"/>
  <system-out/>
  <testcase classname="PageTests.ScrollUpAndScrollDownFunctioanlityTest" name="testScrollUpWithoutArrowBtnAndScrollDown" time="14.104"/>
  <system-out/>
</testsuite> <!-- PageTests.ScrollUpAndScrollDownFunctioanlityTest -->
