<?xml version="1.0" encoding="UTF-8"?>
<!-- Generated by org.testng.reporters.JUnitReportReporter -->
<testsuite hostname="TXCHD-LAP-165" failures="0" tests="2" name="PageTests.ContactUsFormTests" time="41.040" errors="0" timestamp="2024-10-02T15:18:37 IST" skipped="0">
  <testcase classname="PageTests.ContactUsFormTests" name="testContactUsForm" time="19.163"/>
  <system-out/>
  <testcase classname="PageTests.ContactUsFormTests" name="testContactUsForm" time="21.877"/>
  <system-out/>
</testsuite> <!-- PageTests.ContactUsFormTests -->
